<?xml version="1.0" encoding="UTF-8"?>
<!-- Generated by org.testng.reporters.JUnitXMLReporter -->
<testsuite ignored="1" hostname="DESKTOP-CJA0QNI" failures="0" tests="2" name="Default test" time="179.379" errors="0" timestamp="2024-10-18T07:36:27 BST">
  <testcase classname="com.silverlakes.test.LoginTest" name="invalidLoginTest" time="42.749"/>
  <testcase classname="com.silverlakes.test.LoginTest" name="invalidLoginTest" time="67.135"/>
  <testcase classname="com.silverlakes.test.LoginTest" name="validLoginTest" time="0.0">
    <ignored/>
  </testcase> <!-- validLoginTest -->
</testsuite> <!-- Default test -->
