<?xml version="1.0" encoding="UTF-8"?>
<testng-results ignored="0" total="1" passed="1" failed="0" skipped="0">
  <reporter-output>
  </reporter-output>
  <suite started-at="2024-10-18T09:18:01 BST" name="OpenEMR Suite" finished-at="2024-10-18T09:18:07 BST" duration-ms="6003">
    <groups>
    </groups>
    <test started-at="2024-10-18T09:18:01 BST" name="Test" finished-at="2024-10-18T09:18:07 BST" duration-ms="6003">
      <class name="com.silverlakes.test.LoginUITest">
        <test-method is-config="true" signature="setup()[pri:0, instance:com.silverlakes.test.LoginUITest@74fe5c40]" started-at="2024-10-18T09:18:01 BST" name="setup" finished-at="2024-10-18T09:18:07 BST" duration-ms="5749" status="PASS">
          <reporter-output>
          </reporter-output>
        </test-method> <!-- setup -->
        <test-method signature="titleTest()[pri:0, instance:com.silverlakes.test.LoginUITest@74fe5c40]" started-at="2024-10-18T09:18:07 BST" name="titleTest" finished-at="2024-10-18T09:18:07 BST" duration-ms="20" status="PASS">
          <reporter-output>
          </reporter-output>
        </test-method> <!-- titleTest -->
        <test-method is-config="true" signature="teardown()[pri:0, instance:com.silverlakes.test.LoginUITest@74fe5c40]" started-at="2024-10-18T09:18:07 BST" name="teardown" finished-at="2024-10-18T09:18:07 BST" duration-ms="192" status="PASS">
          <reporter-output>
          </reporter-output>
        </test-method> <!-- teardown -->
      </class> <!-- com.silverlakes.test.LoginUITest -->
    </test> <!-- Test -->
  </suite> <!-- OpenEMR Suite -->
</testng-results>
