<?xml version="1.0" encoding="UTF-8"?>
<testng-results ignored="0" total="2" passed="2" failed="0" skipped="0">
  <reporter-output>
  </reporter-output>
  <suite started-at="2024-10-18T07:33:28 BST" name="Default suite" finished-at="2024-10-18T07:36:27 BST" duration-ms="179379">
    <groups>
    </groups>
    <test started-at="2024-10-18T07:33:28 BST" name="Default test" finished-at="2024-10-18T07:36:27 BST" duration-ms="179379">
      <class name="com.silverlakes.test.LoginTest">
        <test-method is-config="true" signature="setup()[pri:0, instance:com.silverlakes.test.LoginTest@3febb011]" started-at="2024-10-18T07:34:18 BST" name="setup" finished-at="2024-10-18T07:34:28 BST" duration-ms="9605" status="PASS">
          <reporter-output>
          </reporter-output>
        </test-method> <!-- setup -->
        <test-method signature="invalidLoginTest(java.lang.String,java.lang.String,java.lang.String)[pri:0, instance:com.silverlakes.test.LoginTest@3febb011]" started-at="2024-10-18T07:34:28 BST" name="invalidLoginTest" data-provider="commonDataProvider" finished-at="2024-10-18T07:35:11 BST" duration-ms="42749" status="PASS">
          <params>
            <param index="0">
              <value>
                <![CDATA[john]]>
              </value>
            </param>
            <param index="1">
              <value>
                <![CDATA[888]]>
              </value>
            </param>
            <param index="2">
              <value>
                <![CDATA[Invalid username or password]]>
              </value>
            </param>
          </params>
          <reporter-output>
          </reporter-output>
        </test-method> <!-- invalidLoginTest -->
        <test-method is-config="true" signature="teardown()[pri:0, instance:com.silverlakes.test.LoginTest@3febb011]" started-at="2024-10-18T07:35:11 BST" name="teardown" finished-at="2024-10-18T07:35:13 BST" duration-ms="2002" status="PASS">
          <reporter-output>
          </reporter-output>
        </test-method> <!-- teardown -->
        <test-method is-config="true" signature="setup()[pri:0, instance:com.silverlakes.test.LoginTest@3febb011]" started-at="2024-10-18T07:35:13 BST" name="setup" finished-at="2024-10-18T07:35:19 BST" duration-ms="6380" status="PASS">
          <reporter-output>
          </reporter-output>
        </test-method> <!-- setup -->
        <test-method signature="invalidLoginTest(java.lang.String,java.lang.String,java.lang.String)[pri:0, instance:com.silverlakes.test.LoginTest@3febb011]" started-at="2024-10-18T07:35:19 BST" name="invalidLoginTest" data-provider="commonDataProvider" finished-at="2024-10-18T07:36:26 BST" duration-ms="67135" status="PASS">
          <params>
            <param index="0">
              <value>
                <![CDATA[kim]]>
              </value>
            </param>
            <param index="1">
              <value>
                <![CDATA[km123]]>
              </value>
            </param>
            <param index="2">
              <value>
                <![CDATA[Invalid username or password]]>
              </value>
            </param>
          </params>
          <reporter-output>
          </reporter-output>
        </test-method> <!-- invalidLoginTest -->
        <test-method is-config="true" signature="teardown()[pri:0, instance:com.silverlakes.test.LoginTest@3febb011]" started-at="2024-10-18T07:36:26 BST" name="teardown" finished-at="2024-10-18T07:36:27 BST" duration-ms="1214" status="PASS">
          <reporter-output>
          </reporter-output>
        </test-method> <!-- teardown -->
      </class> <!-- com.silverlakes.test.LoginTest -->
    </test> <!-- Default test -->
  </suite> <!-- Default suite -->
</testng-results>
