<?xml version="1.0" encoding="UTF-8"?>
<!-- Generated by org.testng.reporters.JUnitXMLReporter -->
<testsuite ignored="1" hostname="DESKTOP-CJA0QNI" failures="0" tests="1" name="Test" time="6.003" errors="0" timestamp="2024-10-18T09:18:07 BST">
  <testcase classname="com.silverlakes.test.LoginUITest" name="titleTest" time="0.02"/>
  <testcase classname="com.silverlakes.test.LoginUITest" name="appDescriptionTest" time="0.0">
    <ignored/>
  </testcase> <!-- appDescriptionTest -->
</testsuite> <!-- Test -->
